<?xml version="1.0" encoding="UTF-8"?>
<!-- Generated by org.testng.reporters.JUnitReportReporter -->
<testsuite hostname="NC003" name="testcases.dashboard.provider.rolling.TC_ProviderCountR" tests="1" failures="0" timestamp="31 Jul 2018 13:06:13 GMT" time="12.692" errors="0">
  <testcase name="startTestCase" time="12.692" classname="testcases.dashboard.provider.rolling.TC_ProviderCountR"/>
</testsuite> <!-- testcases.dashboard.provider.rolling.TC_ProviderCountR -->
