<?xml version="1.0" encoding="UTF-8"?>
<!-- Generated by org.testng.reporters.JUnitReportReporter -->
<testsuite hostname="NC003" name="testcases.dashboard.provider.rolling.TC_ProviderPatientDrillDownCountR" tests="1" failures="0" timestamp="13 Jul 2018 15:46:53 GMT" time="153.818" errors="0">
  <testcase name="startTestCase" time="153.818" classname="testcases.dashboard.provider.rolling.TC_ProviderPatientDrillDownCountR"/>
</testsuite> <!-- testcases.dashboard.provider.rolling.TC_ProviderPatientDrillDownCountR -->
