<?xml version="1.0" encoding="UTF-8"?>
<!-- Generated by org.testng.reporters.JUnitReportReporter -->
<testsuite hostname="NC003" name="testcases.pms.TC_VerifyAddContactButtonPresent" tests="1" failures="0" timestamp="26 Feb 2018 08:12:27 GMT" time="4.035" errors="0">
  <testcase name="TC_AllMeasures" time="4.035" classname="testcases.pms.TC_VerifyAddContactButtonPresent"/>
</testsuite> <!-- testcases.pms.TC_VerifyAddContactButtonPresent -->
