<?xml version="1.0" encoding="UTF-8"?>
<!-- Generated by org.testng.reporters.JUnitReportReporter -->
<testsuite hostname="NC003" name="testcases.dashboard.practice.practiceMeasureGrid.TC_PracticeMeasuresWithLowerScore" tests="1" failures="0" timestamp="13 Jul 2018 15:46:53 GMT" time="39.668" errors="0">
  <testcase name="test" time="39.668" classname="testcases.dashboard.practice.practiceMeasureGrid.TC_PracticeMeasuresWithLowerScore"/>
</testsuite> <!-- testcases.dashboard.practice.practiceMeasureGrid.TC_PracticeMeasuresWithLowerScore -->
