<?xml version="1.0" encoding="UTF-8"?>
<!-- Generated by org.testng.reporters.JUnitReportReporter -->
<testsuite hostname="NC003" name="testcases.pms.TC_VerifyPracticeEMRHosting" tests="1" failures="0" timestamp="26 Feb 2018 14:52:02 GMT" time="18.440" errors="0">
  <testcase name="TC_AllMeasures" time="18.440" classname="testcases.pms.TC_VerifyPracticeEMRHosting"/>
</testsuite> <!-- testcases.pms.TC_VerifyPracticeEMRHosting -->
