<?xml version="1.0" encoding="UTF-8"?>
<!-- Generated by org.testng.reporters.JUnitReportReporter -->
<testsuite hostname="NC003" name="testcases.login.TC_DefaultLogin" tests="1" failures="0" timestamp="1 Sep 2018 08:41:10 GMT" time="26.321" errors="0">
  <testcase name="testBlankPassword" time="26.321" classname="testcases.login.TC_DefaultLogin"/>
</testsuite> <!-- testcases.login.TC_DefaultLogin -->
