<?xml version="1.0" encoding="UTF-8"?>
<!-- Generated by org.testng.reporters.JUnitReportReporter -->
<testsuite hostname="NC003" name="testcases.dashboard.newsmoke.practice.TC_VerifyMeasureNameHeaderPerformaceTDrillDownHeaderMeasure" tests="1" failures="0" timestamp="13 Jul 2018 15:46:53 GMT" time="6.921" errors="0">
  <testcase name="TC_AllMeasures" time="6.921" classname="testcases.dashboard.newsmoke.practice.TC_VerifyMeasureNameHeaderPerformaceTDrillDownHeaderMeasure"/>
</testsuite> <!-- testcases.dashboard.newsmoke.practice.TC_VerifyMeasureNameHeaderPerformaceTDrillDownHeaderMeasure -->
