<?xml version="1.0" encoding="UTF-8"?>
<!-- Generated by org.testng.reporters.JUnitReportReporter -->
<testsuite hostname="NC003" name="testcases.dashboard.practice.nonRolling.TC_PracticePerformanceTrendPatientDrillDownCountNR" tests="1" failures="0" timestamp="13 Jul 2018 15:46:53 GMT" time="158.466" errors="0">
  <testcase name="TC_AllMeasures" time="158.466" classname="testcases.dashboard.practice.nonRolling.TC_PracticePerformanceTrendPatientDrillDownCountNR"/>
</testsuite> <!-- testcases.dashboard.practice.nonRolling.TC_PracticePerformanceTrendPatientDrillDownCountNR -->
