<?xml version="1.0" encoding="UTF-8"?>
<!-- Generated by org.testng.reporters.JUnitReportReporter -->
<testsuite hostname="NC003" name="testcases.pms.custominformation.TC_VerifyPace" tests="1" failures="0" timestamp="1 Mar 2018 09:57:53 GMT" time="12.489" errors="0">
  <testcase name="TC_AllMeasures" time="12.489" classname="testcases.pms.custominformation.TC_VerifyPace"/>
</testsuite> <!-- testcases.pms.custominformation.TC_VerifyPace -->
