<?xml version="1.0" encoding="UTF-8"?>
<!-- Generated by org.testng.reporters.JUnitReportReporter -->
<testsuite hostname="NC003" name="testcases.pms.provider.TC_VerifyClinicianNext" tests="1" failures="0" timestamp="6 Mar 2018 14:22:38 GMT" time="133.102" errors="0">
  <testcase name="TC_AllMeasures" time="133.102" classname="testcases.pms.provider.TC_VerifyClinicianNext"/>
</testsuite> <!-- testcases.pms.provider.TC_VerifyClinicianNext -->
