<?xml version="1.0" encoding="UTF-8"?>
<!-- Generated by org.testng.reporters.JUnitReportReporter -->
<testsuite hostname="NC003" name="testcases.dashboard.measureset.TC_VerifyCopyRightTabs" tests="1" failures="0" timestamp="13 Jul 2018 15:46:53 GMT" time="6.290" errors="0">
  <testcase name="TC_AllMeasures" time="6.290" classname="testcases.dashboard.measureset.TC_VerifyCopyRightTabs"/>
</testsuite> <!-- testcases.dashboard.measureset.TC_VerifyCopyRightTabs -->
