<?xml version="1.0" encoding="UTF-8"?>
<!-- Generated by org.testng.reporters.JUnitReportReporter -->
<testsuite hostname="NC003" name="testcases.pms.provider.TC_VerifyProviderNameSearch" tests="2" failures="0" timestamp="2 Mar 2018 11:34:08 GMT" time="35.482" errors="0">
  <testcase name="TC_AllMeasures" time="21.068" classname="testcases.pms.provider.TC_VerifyProviderNameSearch"/>
  <testcase name="TC_AllMeasures" time="14.414" classname="testcases.pms.provider.TC_VerifyProviderNameSearch"/>
</testsuite> <!-- testcases.pms.provider.TC_VerifyProviderNameSearch -->
