<?xml version="1.0" encoding="UTF-8"?>
<!-- Generated by org.testng.reporters.JUnitReportReporter -->
<testsuite hostname="NC003" name="testcases.pms.TC_VerifyPMrcmPushFileType" tests="1" failures="0" timestamp="26 Feb 2018 16:07:18 GMT" time="11.718" errors="0">
  <testcase name="TC_AllMeasures" time="11.718" classname="testcases.pms.TC_VerifyPMrcmPushFileType"/>
</testsuite> <!-- testcases.pms.TC_VerifyPMrcmPushFileType -->
