<?xml version="1.0" encoding="UTF-8"?>
<!-- Generated by org.testng.reporters.JUnitReportReporter -->
<testsuite hostname="NC003" name="testcases.pms.TC_PracticeCity" tests="1" failures="0" timestamp="26 Feb 2018 06:48:47 GMT" time="6.757" errors="0">
  <testcase name="TC_AllMeasures" time="6.757" classname="testcases.pms.TC_PracticeCity"/>
</testsuite> <!-- testcases.pms.TC_PracticeCity -->
