<?xml version="1.0" encoding="UTF-8"?>
<!-- Generated by org.testng.reporters.JUnitReportReporter -->
<testsuite skipped="0" hostname="NC003" name="testcases.dashboard.provider.rolling.TC_ProviderPatientDrillDownR" tests="1" failures="0" timestamp="05 Jun 2018 12:34:13 GMT" time="291.940" errors="0">
  <testcase name="startTestCase" time="291.940" classname="testcases.dashboard.provider.rolling.TC_ProviderPatientDrillDownR"/>
</testsuite> <!-- testcases.dashboard.provider.rolling.TC_ProviderPatientDrillDownR -->
