<?xml version="1.0" encoding="UTF-8"?>
<!-- Generated by org.testng.reporters.JUnitReportReporter -->
<testsuite hostname="NC003" name="testcases.pms.provider.TC_VerifyNpiSearch" tests="1" failures="0" timestamp="5 Mar 2018 09:10:05 GMT" time="20.676" errors="0">
  <testcase name="TC_AllMeasures" time="20.676" classname="testcases.pms.provider.TC_VerifyNpiSearch"/>
</testsuite> <!-- testcases.pms.provider.TC_VerifyNpiSearch -->
