<?xml version="1.0" encoding="UTF-8"?>
<!-- Generated by org.testng.reporters.JUnitReportReporter -->
<testsuite hostname="NC003" name="testcases.pms.TC_VerifyPracticeEMR" tests="1" failures="0" timestamp="26 Feb 2018 14:22:26 GMT" time="15.649" errors="0">
  <testcase name="TC_AllMeasures" time="15.649" classname="testcases.pms.TC_VerifyPracticeEMR"/>
</testsuite> <!-- testcases.pms.TC_VerifyPracticeEMR -->
