<?xml version="1.0" encoding="UTF-8"?>
<!-- Generated by org.testng.reporters.JUnitReportReporter -->
<testsuite hostname="NC003" name="testcases.pms.TC_VefiryElixirID" tests="1" failures="0" timestamp="27 Feb 2018 08:28:41 GMT" time="17.042" errors="0">
  <testcase name="TC_AllMeasures" time="17.042" classname="testcases.pms.TC_VefiryElixirID"/>
</testsuite> <!-- testcases.pms.TC_VefiryElixirID -->
