<?xml version="1.0" encoding="UTF-8"?>
<!-- Generated by org.testng.reporters.JUnitReportReporter -->
<testsuite hostname="NC003" name="testcases.pms.TC_CountActiveClinician" tests="1" failures="0" timestamp="19 Feb 2018 10:14:05 GMT" time="5.970" errors="0">
  <testcase name="TC_AllMeasures" time="5.970" classname="testcases.pms.TC_CountActiveClinician"/>
</testsuite> <!-- testcases.pms.TC_CountActiveClinician -->
