<?xml version="1.0" encoding="UTF-8"?>
<!-- Generated by org.testng.reporters.JUnitReportReporter -->
<testsuite hostname="NC003" name="testcases.dashboard.newsmoke.practice.TC_CrossCuttingMeasuresForMeasureSet2018" tests="1" failures="0" timestamp="13 Jul 2018 15:46:54 GMT" time="8.655" errors="0">
  <testcase name="TC_AllMeasures" time="8.655" classname="testcases.dashboard.newsmoke.practice.TC_CrossCuttingMeasuresForMeasureSet2018"/>
</testsuite> <!-- testcases.dashboard.newsmoke.practice.TC_CrossCuttingMeasuresForMeasureSet2018 -->
