<?xml version="1.0" encoding="UTF-8"?>
<!-- Generated by org.testng.reporters.JUnitReportReporter -->
<testsuite hostname="NC003" name="testcases.dashboard.measureset.TC_SelectingMeasureSet" tests="4" failures="0" timestamp="13 Jul 2018 15:46:53 GMT" time="15.594" errors="0">
  <testcase name="TC_AllMeasures" time="4.031" classname="testcases.dashboard.measureset.TC_SelectingMeasureSet"/>
  <testcase name="TC_AllMeasures" time="3.926" classname="testcases.dashboard.measureset.TC_SelectingMeasureSet"/>
  <testcase name="TC_AllMeasures" time="3.536" classname="testcases.dashboard.measureset.TC_SelectingMeasureSet"/>
  <testcase name="TC_AllMeasures" time="4.101" classname="testcases.dashboard.measureset.TC_SelectingMeasureSet"/>
</testsuite> <!-- testcases.dashboard.measureset.TC_SelectingMeasureSet -->
