<?xml version="1.0" encoding="UTF-8"?>
<!-- Generated by org.testng.reporters.JUnitReportReporter -->
<testsuite hostname="NC003" name="testcases.mips.TC_ProviderReSubmissionMultiTin" tests="1" failures="0" timestamp="21 Mar 2018 07:00:30 GMT" time="333.138" errors="0">
  <testcase name="testBlankPassword" time="333.138" classname="testcases.mips.TC_ProviderReSubmissionMultiTin"/>
</testsuite> <!-- testcases.mips.TC_ProviderReSubmissionMultiTin -->
