<?xml version="1.0" encoding="UTF-8"?>
<!-- Generated by org.testng.reporters.JUnitReportReporter -->
<testsuite hostname="NC003" name="testcases.dashboard.provider.rolling.TC_ProviderMeasureViewR" tests="1" failures="0" timestamp="12 Feb 2018 08:13:15 GMT" time="34.171" errors="0">
  <testcase name="startTestCase" time="34.171" classname="testcases.dashboard.provider.rolling.TC_ProviderMeasureViewR"/>
</testsuite> <!-- testcases.dashboard.provider.rolling.TC_ProviderMeasureViewR -->
