<?xml version="1.0" encoding="UTF-8"?>
<!-- Generated by org.testng.reporters.JUnitReportReporter -->
<testsuite hostname="NC003" name="testcases.pms.TC_PracticeSaveButtonPresent" tests="1" failures="0" timestamp="26 Feb 2018 08:12:27 GMT" time="9.280" errors="0">
  <testcase name="TC_AllMeasures" time="9.280" classname="testcases.pms.TC_PracticeSaveButtonPresent"/>
</testsuite> <!-- testcases.pms.TC_PracticeSaveButtonPresent -->
