<?xml version="1.0" encoding="UTF-8"?>
<!-- Generated by org.testng.reporters.JUnitReportReporter -->
<testsuite hostname="NC003" name="testcases.dashboard.practice.nonRolling.TC_PracticeAllProvidersPopUpViewNR" tests="1" failures="0" timestamp="12 Feb 2018 08:13:15 GMT" time="42.594" errors="0">
  <testcase name="TC_AllMeasures" time="42.594" classname="testcases.dashboard.practice.nonRolling.TC_PracticeAllProvidersPopUpViewNR"/>
</testsuite> <!-- testcases.dashboard.practice.nonRolling.TC_PracticeAllProvidersPopUpViewNR -->
