<?xml version="1.0" encoding="UTF-8"?>
<!-- Generated by org.testng.reporters.JUnitReportReporter -->
<testsuite hostname="NC003" name="testcases.pms.TC_VerifyExtractStartTime" tests="1" failures="0" timestamp="27 Feb 2018 06:55:33 GMT" time="14.122" errors="0">
  <testcase name="TC_AllMeasures" time="14.122" classname="testcases.pms.TC_VerifyExtractStartTime"/>
</testsuite> <!-- testcases.pms.TC_VerifyExtractStartTime -->
