<?xml version="1.0" encoding="UTF-8"?>
<!-- Generated by org.testng.reporters.JUnitReportReporter -->
<testsuite hostname="NC003" name="testcases.pms.custominformation.TC_VerifyVip" tests="1" failures="0" timestamp="1 Mar 2018 09:57:53 GMT" time="14.049" errors="0">
  <testcase name="TC_AllMeasures" time="14.049" classname="testcases.pms.custominformation.TC_VerifyVip"/>
</testsuite> <!-- testcases.pms.custominformation.TC_VerifyVip -->
