<?xml version="1.0" encoding="UTF-8"?>
<!-- Generated by org.testng.reporters.JUnitReportReporter -->
<testsuite hostname="NC003" name="testcases.dashboard.practice.practiceMeasureGrid.TC_PracticeMeasureCountNR" tests="1" failures="0" timestamp="12 Feb 2018 08:13:15 GMT" time="22.090" errors="0">
  <testcase name="test" time="22.090" classname="testcases.dashboard.practice.practiceMeasureGrid.TC_PracticeMeasureCountNR"/>
</testsuite> <!-- testcases.dashboard.practice.practiceMeasureGrid.TC_PracticeMeasureCountNR -->
