<?xml version="1.0" encoding="UTF-8"?>
<!-- Generated by org.testng.reporters.JUnitReportReporter -->
<testsuite hostname="NC003" name="testcases.pms.TC_VerifyPracticeRoaster" tests="1" failures="0" timestamp="16 Mar 2018 12:19:06 GMT" time="13.518" errors="0">
  <testcase name="TC_AllMeasures" time="13.518" classname="testcases.pms.TC_VerifyPracticeRoaster"/>
</testsuite> <!-- testcases.pms.TC_VerifyPracticeRoaster -->
