<?xml version="1.0" encoding="UTF-8"?>
<!-- Generated by org.testng.reporters.JUnitReportReporter -->
<testsuite hostname="NC003" name="testcases.pms.TC_VerifyTiSaveButton" tests="1" failures="0" timestamp="27 Feb 2018 15:11:42 GMT" time="13.577" errors="0">
  <testcase name="TC_AllMeasures" time="13.577" classname="testcases.pms.TC_VerifyTiSaveButton"/>
</testsuite> <!-- testcases.pms.TC_VerifyTiSaveButton -->
