<?xml version="1.0" encoding="UTF-8"?>
<!-- Generated by org.testng.reporters.JUnitReportReporter -->
<testsuite hostname="NC003" name="testcases.pms.provider.TC_VerifyAddClinicianPopup" tests="1" failures="0" timestamp="6 Mar 2018 09:58:09 GMT" time="147.059" errors="0">
  <testcase name="TC_AllMeasures" time="147.059" classname="testcases.pms.provider.TC_VerifyAddClinicianPopup"/>
</testsuite> <!-- testcases.pms.provider.TC_VerifyAddClinicianPopup -->
