<?xml version="1.0" encoding="UTF-8"?>
<!-- Generated by org.testng.reporters.JUnitReportReporter -->
<testsuite hostname="NC003" name="testcases.dashboard.practice.rolling.TC_PracticeFavoritesMeasureCountR" tests="1" failures="0" timestamp="13 Jul 2018 15:46:53 GMT" time="30.270" errors="0">
  <testcase name="TC_AllMeasures" time="30.270" classname="testcases.dashboard.practice.rolling.TC_PracticeFavoritesMeasureCountR"/>
</testsuite> <!-- testcases.dashboard.practice.rolling.TC_PracticeFavoritesMeasureCountR -->
