<?xml version="1.0" encoding="UTF-8"?>
<!-- Generated by org.testng.reporters.JUnitReportReporter -->
<testsuite hostname="NC003" name="testcases.pms.TC_VerifyExtractStopTime" tests="1" failures="0" timestamp="27 Feb 2018 06:55:33 GMT" time="17.922" errors="0">
  <testcase name="TC_AllMeasures" time="17.922" classname="testcases.pms.TC_VerifyExtractStopTime"/>
</testsuite> <!-- testcases.pms.TC_VerifyExtractStopTime -->
