<?xml version="1.0" encoding="UTF-8"?>
<!-- Generated by org.testng.reporters.JUnitReportReporter -->
<testsuite hostname="NC003" name="testcases.pms.TC_VerifyPracticeName" tests="1" failures="0" timestamp="19 Feb 2018 10:14:05 GMT" time="12.062" errors="0">
  <testcase name="TC_AllMeasures" time="12.062" classname="testcases.pms.TC_VerifyPracticeName"/>
</testsuite> <!-- testcases.pms.TC_VerifyPracticeName -->
