<?xml version="1.0" encoding="UTF-8"?>
<!-- Generated by org.testng.reporters.JUnitReportReporter -->
<testsuite hostname="NC003" name="testcases.dashboard.provider.rolling.TC_ProviderPatientDrillDownSortR" tests="1" failures="0" timestamp="12 Feb 2018 08:13:15 GMT" time="310.018" errors="0">
  <testcase name="startTestCase" time="310.018" classname="testcases.dashboard.provider.rolling.TC_ProviderPatientDrillDownSortR"/>
</testsuite> <!-- testcases.dashboard.provider.rolling.TC_ProviderPatientDrillDownSortR -->
