<?xml version="1.0" encoding="UTF-8"?>
<!-- Generated by org.testng.reporters.JUnitReportReporter -->
<testsuite hostname="NC003" name="testcases.dashboard.practice.rolling.TC_PracticeLocationPopUpCountR" tests="1" failures="0" timestamp="13 Jul 2018 15:46:52 GMT" time="32.161" errors="0">
  <testcase name="TC_AllMeasuresPracticeLocationPopUpCountR" time="32.161" classname="testcases.dashboard.practice.rolling.TC_PracticeLocationPopUpCountR"/>
</testsuite> <!-- testcases.dashboard.practice.rolling.TC_PracticeLocationPopUpCountR -->
