<?xml version="1.0" encoding="UTF-8"?>
<!-- Generated by org.testng.reporters.JUnitReportReporter -->
<testsuite hostname="NC003" name="testcases.pms.TC_VTechincalInformationPreviousButtonNavigation" tests="1" failures="0" timestamp="27 Feb 2018 15:11:42 GMT" time="12.509" errors="0">
  <testcase name="TC_AllMeasures" time="12.509" classname="testcases.pms.TC_VTechincalInformationPreviousButtonNavigation"/>
</testsuite> <!-- testcases.pms.TC_VTechincalInformationPreviousButtonNavigation -->
