<?xml version="1.0" encoding="UTF-8"?>
<!-- Generated by org.testng.reporters.JUnitReportReporter -->
<testsuite hostname="NC003" name="testcases.dashboard.newsmoke.practice.TC_VerifyRegistryAvgOnPerformanceTrendModalForPractice" tests="1" failures="0" timestamp="13 Jul 2018 15:46:52 GMT" time="48.643" errors="0">
  <testcase name="TC_AllMeasures" time="48.643" classname="testcases.dashboard.newsmoke.practice.TC_VerifyRegistryAvgOnPerformanceTrendModalForPractice"/>
</testsuite> <!-- testcases.dashboard.newsmoke.practice.TC_VerifyRegistryAvgOnPerformanceTrendModalForPractice -->
