<?xml version="1.0" encoding="UTF-8"?>
<!-- Generated by org.testng.reporters.JUnitReportReporter -->
<testsuite hostname="NC003" name="testcases.mips.TC_MipsPracticeReSubmissionMultiTin" tests="1" failures="0" timestamp="19 Mar 2018 11:56:11 GMT" time="97.641" errors="0">
  <testcase name="testBlankPassword" time="97.641" classname="testcases.mips.TC_MipsPracticeReSubmissionMultiTin"/>
</testsuite> <!-- testcases.mips.TC_MipsPracticeReSubmissionMultiTin -->
